<?xml version='1.0'?>
<ns2:test-suite xmlns:ns2='urn:model.allure.qatools.yandex.ru' start='1545439399553' stop='1545439400772'>
    <name>Page opening</name>
    <title>Page opening</title>
    <test-cases>
        <test-case start='1545439399553' status='passed' stop='1545439400724'>
            <name>get title</name>
            <title>get title</title>
            <labels>
                <label name='language' value='javascript'/>
                <label name='framework' value='wdio'/>
                <label name='thread' value='0-0'/>
            </labels>
            <parameters>
                <parameter kind='argument' name='browser' value='chrome'/>
                <parameter kind='environment-variable' name='capabilities' value='{"maxInstances":1,"browserName":"chrome"}'/>
                <parameter kind='environment-variable' name='spec files' value='["C:\\Users\\Marina\\WebstormProjects\\TestAutomation\\test\\test.js"]'/>
            </parameters>
            <steps>
                <step start='1545439399558' status='passed' stop='1545439400712'>
                    <name>POST /wd/hub/session/dbfaadf339ab00cb5ab426bae12164f0/url</name>
                    <title>POST /wd/hub/session/dbfaadf339ab00cb5ab426bae12164f0/url</title>
                    <attachments>
                        <attachment title='Request' source='ff5216ab-f0b7-4535-87d9-c46e2d173dc5-attachment.json' type='application/json' size='45'/>
                        <attachment title='Response' source='cec01177-f542-4286-bae6-3ff93e5393ac-attachment.json' type='application/json' size='91'/>
                    </attachments>
                    <steps/>
                </step>
                <step start='1545439400713' status='passed' stop='1545439400723'>
                    <name>GET /wd/hub/session/dbfaadf339ab00cb5ab426bae12164f0/title</name>
                    <title>GET /wd/hub/session/dbfaadf339ab00cb5ab426bae12164f0/title</title>
                    <attachments>
                        <attachment title='Response' source='1d800a03-7de8-4e58-9b93-0db1ef7964d6-attachment.json' type='application/json' size='100'/>
                    </attachments>
                    <steps/>
                </step>
            </steps>
            <attachments/>
        </test-case>
        <test-case start='1545439400724' status='failed' stop='1545439400771'>
            <name>get header title</name>
            <title>get header title</title>
            <labels>
                <label name='language' value='javascript'/>
                <label name='framework' value='wdio'/>
                <label name='thread' value='0-0'/>
            </labels>
            <parameters>
                <parameter kind='argument' name='browser' value='chrome'/>
                <parameter kind='environment-variable' name='capabilities' value='{"maxInstances":1,"browserName":"chrome"}'/>
                <parameter kind='environment-variable' name='spec files' value='["C:\\Users\\Marina\\WebstormProjects\\TestAutomation\\test\\test.js"]'/>
            </parameters>
            <steps>
                <step start='1545439400725' status='passed' stop='1545439400747'>
                    <name>POST /wd/hub/session/dbfaadf339ab00cb5ab426bae12164f0/elements</name>
                    <title>POST /wd/hub/session/dbfaadf339ab00cb5ab426bae12164f0/elements</title>
                    <attachments>
                        <attachment title='Request' source='47b7eb69-6d39-4487-b718-ba0ee6a75ad5-attachment.json' type='application/json' size='67'/>
                        <attachment title='Response' source='a4bc89c3-54ee-4bc3-a20f-dac816988cbd-attachment.json' type='application/json' size='160'/>
                    </attachments>
                    <steps/>
                </step>
                <step start='1545439400747' status='passed' stop='1545439400770'>
                    <name>GET /wd/hub/session/dbfaadf339ab00cb5ab426bae12164f0/element/0.5165175835666576-1/text</name>
                    <title>GET /wd/hub/session/dbfaadf339ab00cb5ab426bae12164f0/element/0.5165175835666576-1/text</title>
                    <attachments>
                        <attachment title='Response' source='ef38bf5e-ddae-478a-9d81-640d7b9ce3a0-attachment.json' type='application/json' size='99'/>
                    </attachments>
                    <steps/>
                </step>
            </steps>
            <attachments/>
            <failure>
                <message>Title is incorrect</message>
                <stack-trace>AssertionError [ERR_ASSERTION]: Title is incorrect
                    at Context.&lt;anonymous> (C:\Users\Marina\WebstormProjects\TestAutomation\test\test.js:13:16)
                    at C:\Users\Marina\WebstormProjects\TestAutomation\node_modules\wdio-sync\build\index.js:590:26
                    at new Promise (&lt;anonymous>)
                    at new F (C:\Users\Marina\WebstormProjects\TestAutomation\node_modules\core-js\library\modules\_export.js:36:28)
                    at Context.executeSync (C:\Users\Marina\WebstormProjects\TestAutomation\node_modules\wdio-sync\build\index.js:588:12)
                    at C:\Users\Marina\WebstormProjects\TestAutomation\node_modules\wdio-sync\build\index.js:759:42</stack-trace>
            </failure>
        </test-case>
    </test-cases>
</ns2:test-suite>