<?xml version='1.0'?>
<ns2:test-suite xmlns:ns2='urn:model.allure.qatools.yandex.ru' start='1545427346492' stop='1545427352254'>
    <name>Page opening</name>
    <title>Page opening</title>
    <test-cases>
        <test-case start='1545427346493' status='failed' stop='1545427352254'>
            <name>get title</name>
            <title>get title</title>
            <labels>
                <label name='language' value='javascript'/>
                <label name='framework' value='wdio'/>
                <label name='thread' value='0-0'/>
            </labels>
            <parameters>
                <parameter kind='argument' name='browser' value='chrome'/>
                <parameter kind='environment-variable' name='capabilities' value='{"maxInstances":1,"browserName":"chrome"}'/>
                <parameter kind='environment-variable' name='spec files' value='["C:\\Users\\Marina\\WebstormProjects\\TestAutomation\\test\\test.js"]'/>
            </parameters>
            <steps>
                <step start='1545427346498' status='passed' stop='1545427347000'>
                    <name>POST /wd/hub/session/6095fe525317fad31d1fc3ca857fab8b/url</name>
                    <title>POST /wd/hub/session/6095fe525317fad31d1fc3ca857fab8b/url</title>
                    <attachments>
                        <attachment title='Request' source='b81e8d8f-7908-41c5-b20e-79d37df37917-attachment.json' type='application/json' size='56'/>
                        <attachment title='Response' source='5efa16ca-15a8-448a-af11-5383ed87a333-attachment.json' type='application/json' size='91'/>
                    </attachments>
                    <steps/>
                </step>
                <step start='1545427347001' status='passed' stop='1545427347129'>
                    <name>GET /wd/hub/session/6095fe525317fad31d1fc3ca857fab8b/title</name>
                    <title>GET /wd/hub/session/6095fe525317fad31d1fc3ca857fab8b/title</title>
                    <attachments>
                        <attachment title='Response' source='9dca8aef-df32-4772-b3c2-248ffa1b9786-attachment.json' type='application/json' size='118'/>
                    </attachments>
                    <steps/>
                </step>
            </steps>
            <attachments/>
            <failure>
                <message>Title is incorrect</message>
                <stack-trace>AssertionError [ERR_ASSERTION]: Title is incorrect
                    at Context.&lt;anonymous> (C:\Users\Marina\WebstormProjects\TestAutomation\test\test.js:9:16)
                    at C:\Users\Marina\WebstormProjects\TestAutomation\node_modules\wdio-sync\build\index.js:590:26
                    at new Promise (&lt;anonymous>)
                    at new F (C:\Users\Marina\WebstormProjects\TestAutomation\node_modules\core-js\library\modules\_export.js:36:28)
                    at Context.executeSync (C:\Users\Marina\WebstormProjects\TestAutomation\node_modules\wdio-sync\build\index.js:588:12)
                    at C:\Users\Marina\WebstormProjects\TestAutomation\node_modules\wdio-sync\build\index.js:759:42</stack-trace>
            </failure>
        </test-case>
    </test-cases>
</ns2:test-suite>